<?xml version="1.0" encoding="UTF-8"?>
<testsuite name="org.example.test.MeasurementTest" tests="3" skipped="0" failures="0" errors="0" timestamp="2023-11-07T04:53:22" hostname="Nitishs-MBP.bbrouter" time="0.012">
  <properties/>
  <testcase name="shouldNotEqualToMeasurement()" classname="org.example.test.MeasurementTest" time="0.008"/>
  <testcase name="shouldEqualToMeasurement()" classname="org.example.test.MeasurementTest" time="0.001"/>
  <testcase name="shouldThrowExceptionWhenInvalidUnitProvided()" classname="org.example.test.MeasurementTest" time="0.002"/>
  <system-out><![CDATA[]]></system-out>
  <system-err><![CDATA[]]></system-err>
</testsuite>
